<?xml version="1.0" encoding="UTF-8"?>
<testng-results ignored="0" total="1" passed="1" failed="0" skipped="0">
  <reporter-output>
  </reporter-output>
  <suite started-at="2025-02-06T11:39:44 IST" name="Default suite" finished-at="2025-02-06T11:39:50 IST" duration-ms="6538">
    <groups>
    </groups>
    <test started-at="2025-02-06T11:39:44 IST" name="Default test" finished-at="2025-02-06T11:39:50 IST" duration-ms="6538">
      <class name="testcases.LoginTest">
        <test-method is-config="true" signature="setUp()[pri:0, instance:testcases.LoginTest@26794848]" started-at="2025-02-06T11:39:44 IST" name="setUp" finished-at="2025-02-06T11:39:49 IST" duration-ms="4712" status="PASS">
          <reporter-output>
          </reporter-output>
        </test-method> <!-- setUp -->
        <test-method is-config="true" signature="objInt()[pri:0, instance:testcases.LoginTest@26794848]" started-at="2025-02-06T11:39:49 IST" name="objInt" finished-at="2025-02-06T11:39:49 IST" duration-ms="2" status="PASS">
          <reporter-output>
          </reporter-output>
        </test-method> <!-- objInt -->
        <test-method signature="firsttest()[pri:0, instance:testcases.LoginTest@26794848]" started-at="2025-02-06T11:39:49 IST" name="firsttest" finished-at="2025-02-06T11:39:50 IST" duration-ms="1402" status="PASS">
          <reporter-output>
          </reporter-output>
        </test-method> <!-- firsttest -->
        <test-method is-config="true" signature="aftertest()[pri:0, instance:testcases.LoginTest@26794848]" started-at="2025-02-06T11:39:50 IST" name="aftertest" finished-at="2025-02-06T11:39:50 IST" duration-ms="347" status="PASS">
          <reporter-output>
          </reporter-output>
        </test-method> <!-- aftertest -->
      </class> <!-- testcases.LoginTest -->
    </test> <!-- Default test -->
  </suite> <!-- Default suite -->
</testng-results>
